<?xml version="1.0" encoding="UTF-8"?>
<!-- Generated by org.testng.reporters.JUnitReportReporter -->
<testsuite hostname="Lenovo" failures="0" tests="1" name="Test.Gmail" time="15.529" errors="0" timestamp="2022-10-07T20:16:14 IST" skipped="0">
  <testcase classname="Test.Gmail" name="login" time="15.529"/>
  <system-out/>
</testsuite> <!-- Test.Gmail -->
