<?xml version="1.0" encoding="UTF-8"?>
<!-- Generated by org.testng.reporters.JUnitReportReporter -->
<testsuite hostname="Lenovo" failures="0" tests="1" name="Generic.Read_from_properties_file" time="17.837" errors="0" timestamp="2022-10-10T21:39:28 IST" skipped="0">
  <testcase classname="Generic.Read_from_properties_file" name="login" time="17.837"/>
  <system-out/>
</testsuite> <!-- Generic.Read_from_properties_file -->
