<?xml version="1.0" encoding="UTF-8"?>
<!-- Generated by org.testng.reporters.JUnitReportReporter -->
<testsuite hostname="Lenovo" failures="0" tests="1" name="Test.ActitimeLoginLogout" time="7.970" errors="0" timestamp="2022-09-30T19:53:35 IST" skipped="0">
  <testcase classname="Test.ActitimeLoginLogout" name="login" time="7.970"/>
  <system-out/>
</testsuite> <!-- Test.ActitimeLoginLogout -->
