<?xml version="1.0" encoding="UTF-8"?>
<!-- Generated by org.testng.reporters.JUnitReportReporter -->
<testsuite hostname="Lenovo" failures="0" tests="1" name="Generic.Fetchingdatafrom_excel" time="1.264" errors="0" timestamp="2022-10-08T20:55:07 IST" skipped="0">
  <testcase classname="Generic.Fetchingdatafrom_excel" name="fetchdata" time="1.264"/>
  <system-out/>
</testsuite> <!-- Generic.Fetchingdatafrom_excel -->
