<?xml version="1.0" encoding="UTF-8"?>
<!-- Generated by org.testng.reporters.JUnitReportReporter -->
<testsuite hostname="Lenovo" failures="0" tests="1" name="Test.Actitime_login_logout" time="47.915" errors="0" timestamp="2022-10-10T13:28:32 IST" skipped="0">
  <testcase classname="Test.Actitime_login_logout" name="Login_logout" time="47.915"/>
  <system-out/>
</testsuite> <!-- Test.Actitime_login_logout -->
